TN:
SF:src\app.module.ts
FNF:0
FNH:0
DA:1,0
DA:2,0
DA:3,0
DA:4,0
DA:5,0
DA:6,0
DA:7,0
DA:8,0
DA:9,0
DA:10,0
DA:11,0
DA:12,0
DA:13,0
DA:39,0
LF:14
LH:0
BRDA:26,0,0,0
BRDA:26,0,1,0
BRF:2
BRH:0
end_of_record
TN:
SF:src\index.ts
FN:17,(anonymous_4)
FNF:1
FNH:0
FNDA:0,(anonymous_4)
DA:2,0
DA:3,0
DA:6,0
DA:7,0
DA:8,0
DA:11,0
DA:12,0
DA:13,0
DA:16,0
DA:17,0
DA:18,0
DA:21,0
DA:22,0
DA:23,0
DA:26,0
DA:27,0
DA:28,0
DA:31,0
DA:32,0
DA:33,0
DA:34,0
DA:35,0
DA:36,0
DA:39,0
DA:40,0
DA:41,0
DA:42,0
LF:27
LH:0
BRF:0
BRH:0
end_of_record
TN:
SF:src\main.ts
FN:4,bootstrap
FNF:1
FNH:0
FNDA:0,bootstrap
DA:1,0
DA:2,0
DA:5,0
DA:7,0
DA:8,0
DA:10,0
DA:11,0
DA:12,0
DA:15,0
LF:9
LH:0
BRDA:10,0,0,0
BRDA:10,0,1,0
BRF:2
BRH:0
end_of_record
TN:
SF:src\ai\ai-recommendation.service.ts
FN:25,(anonymous_1)
FN:28,(anonymous_2)
FN:43,(anonymous_3)
FN:50,(anonymous_4)
FN:76,(anonymous_5)
FN:80,(anonymous_6)
FN:86,(anonymous_7)
FN:94,(anonymous_8)
FN:100,(anonymous_9)
FN:101,(anonymous_10)
FN:102,(anonymous_11)
FN:114,(anonymous_12)
FN:118,(anonymous_13)
FN:124,(anonymous_14)
FN:138,(anonymous_15)
FN:140,(anonymous_16)
FN:156,(anonymous_17)
FN:157,(anonymous_18)
FN:158,(anonymous_19)
FN:169,(anonymous_20)
FN:176,(anonymous_21)
FN:195,(anonymous_22)
FN:234,(anonymous_23)
FN:255,(anonymous_24)
FN:291,(anonymous_25)
FN:330,(anonymous_26)
FN:369,(anonymous_27)
FN:374,(anonymous_28)
FN:408,(anonymous_29)
FN:413,(anonymous_30)
FN:415,(anonymous_31)
FN:417,(anonymous_32)
FN:435,(anonymous_33)
FN:460,(anonymous_34)
FN:466,(anonymous_35)
FN:469,(anonymous_36)
FN:490,(anonymous_37)
FN:509,(anonymous_38)
FN:529,(anonymous_39)
FN:550,(anonymous_40)
FN:560,(anonymous_41)
FN:605,(anonymous_42)
FN:608,(anonymous_43)
FNF:43
FNH:0
FNDA:0,(anonymous_1)
FNDA:0,(anonymous_2)
FNDA:0,(anonymous_3)
FNDA:0,(anonymous_4)
FNDA:0,(anonymous_5)
FNDA:0,(anonymous_6)
FNDA:0,(anonymous_7)
FNDA:0,(anonymous_8)
FNDA:0,(anonymous_9)
FNDA:0,(anonymous_10)
FNDA:0,(anonymous_11)
FNDA:0,(anonymous_12)
FNDA:0,(anonymous_13)
FNDA:0,(anonymous_14)
FNDA:0,(anonymous_15)
FNDA:0,(anonymous_16)
FNDA:0,(anonymous_17)
FNDA:0,(anonymous_18)
FNDA:0,(anonymous_19)
FNDA:0,(anonymous_20)
FNDA:0,(anonymous_21)
FNDA:0,(anonymous_22)
FNDA:0,(anonymous_23)
FNDA:0,(anonymous_24)
FNDA:0,(anonymous_25)
FNDA:0,(anonymous_26)
FNDA:0,(anonymous_27)
FNDA:0,(anonymous_28)
FNDA:0,(anonymous_29)
FNDA:0,(anonymous_30)
FNDA:0,(anonymous_31)
FNDA:0,(anonymous_32)
FNDA:0,(anonymous_33)
FNDA:0,(anonymous_34)
FNDA:0,(anonymous_35)
FNDA:0,(anonymous_36)
FNDA:0,(anonymous_37)
FNDA:0,(anonymous_38)
FNDA:0,(anonymous_39)
FNDA:0,(anonymous_40)
FNDA:0,(anonymous_41)
FNDA:0,(anonymous_42)
FNDA:0,(anonymous_43)
DA:1,0
DA:25,0
DA:26,0
DA:29,0
DA:31,0
DA:34,0
DA:43,0
DA:45,0
DA:46,0
DA:51,0
DA:54,0
DA:57,0
DA:60,0
DA:63,0
DA:65,0
DA:77,0
DA:78,0
DA:80,0
DA:81,0
DA:82,0
DA:84,0
DA:86,0
DA:87,0
DA:92,0
DA:93,0
DA:94,0
DA:95,0
DA:99,0
DA:100,0
DA:101,0
DA:102,0
DA:104,0
DA:115,0
DA:118,0
DA:124,0
DA:125,0
DA:126,0
DA:128,0
DA:139,0
DA:140,0
DA:141,0
DA:142,0
DA:143,0
DA:144,0
DA:146,0
DA:156,0
DA:157,0
DA:158,0
DA:160,0
DA:170,0
DA:171,0
DA:172,0
DA:175,0
DA:176,0
DA:178,0
DA:179,0
DA:182,0
DA:183,0
DA:186,0
DA:196,0
DA:197,0
DA:199,0
DA:200,0
DA:215,0
DA:216,0
DA:231,0
DA:235,0
DA:236,0
DA:238,0
DA:239,0
DA:255,0
DA:256,0
DA:257,0
DA:258,0
DA:271,0
DA:272,0
DA:288,0
DA:292,0
DA:293,0
DA:295,0
DA:296,0
DA:311,0
DA:312,0
DA:327,0
DA:331,0
DA:332,0
DA:334,0
DA:335,0
DA:350,0
DA:351,0
DA:366,0
DA:370,0
DA:371,0
DA:375,0
DA:409,0
DA:410,0
DA:413,0
DA:414,0
DA:415,0
DA:417,0
DA:418,0
DA:423,0
DA:424,0
DA:429,0
DA:436,0
DA:437,0
DA:440,0
DA:441,0
DA:456,0
DA:460,0
DA:461,0
DA:462,0
DA:466,0
DA:467,0
DA:469,0
DA:470,0
DA:471,0
DA:472,0
DA:476,0
DA:477,0
DA:490,0
DA:495,0
DA:496,0
DA:509,0
DA:514,0
DA:515,0
DA:516,0
DA:529,0
DA:535,0
DA:536,0
DA:537,0
DA:550,0
DA:554,0
DA:562,0
DA:564,0
DA:566,0
DA:567,0
DA:569,0
DA:570,0
DA:572,0
DA:573,0
DA:575,0
DA:576,0
DA:580,0
DA:581,0
DA:583,0
DA:584,0
DA:586,0
DA:587,0
DA:589,0
DA:590,0
DA:595,0
DA:596,0
DA:599,0
DA:606,0
DA:608,0
DA:610,0
DA:612,0
DA:613,0
DA:614,0
DA:615,0
DA:617,0
DA:621,0
LF:163
LH:0
BRDA:82,0,0,0
BRDA:82,0,1,0
BRDA:87,1,0,0
BRDA:87,1,1,0
BRDA:100,2,0,0
BRDA:100,2,1,0
BRDA:110,3,0,0
BRDA:110,3,1,0
BRDA:120,4,0,0
BRDA:120,4,1,0
BRDA:120,5,0,0
BRDA:120,5,1,0
BRDA:126,6,0,0
BRDA:126,6,1,0
BRDA:141,7,0,0
BRDA:141,7,1,0
BRDA:144,8,0,0
BRDA:144,8,1,0
BRDA:158,9,0,0
BRDA:158,9,1,0
BRDA:165,10,0,0
BRDA:165,10,1,0
BRDA:172,11,0,0
BRDA:172,11,1,0
BRDA:176,12,0,0
BRDA:176,12,1,0
BRDA:178,13,0,0
BRDA:182,14,0,0
BRDA:199,15,0,0
BRDA:215,16,0,0
BRDA:238,17,0,0
BRDA:257,18,0,0
BRDA:257,18,1,0
BRDA:271,19,0,0
BRDA:271,20,0,0
BRDA:271,20,1,0
BRDA:295,21,0,0
BRDA:311,22,0,0
BRDA:334,23,0,0
BRDA:350,24,0,0
BRDA:371,25,0,0
BRDA:371,25,1,0
BRDA:414,26,0,0
BRDA:414,27,0,0
BRDA:414,27,1,0
BRDA:418,28,0,0
BRDA:418,28,1,0
BRDA:418,28,2,0
BRDA:437,29,0,0
BRDA:437,29,1,0
BRDA:437,29,2,0
BRDA:437,30,0,0
BRDA:437,30,1,0
BRDA:437,31,0,0
BRDA:437,31,1,0
BRDA:440,32,0,0
BRDA:467,33,0,0
BRDA:467,33,1,0
BRDA:470,34,0,0
BRDA:476,35,0,0
BRDA:490,36,0,0
BRDA:490,36,1,0
BRDA:495,37,0,0
BRDA:509,38,0,0
BRDA:509,38,1,0
BRDA:515,39,0,0
BRDA:529,40,0,0
BRDA:529,40,1,0
BRDA:536,41,0,0
BRDA:550,42,0,0
BRDA:550,42,1,0
BRDA:564,43,0,0
BRDA:564,43,1,0
BRDA:564,43,2,0
BRDA:564,43,3,0
BRDA:580,44,0,0
BRDA:581,45,0,0
BRDA:581,45,1,0
BRDA:581,45,2,0
BRDA:595,46,0,0
BRDA:595,47,0,0
BRDA:595,47,1,0
BRDA:612,48,0,0
BRDA:612,48,1,0
BRDA:612,49,0,0
BRDA:612,49,1,0
BRDA:614,50,0,0
BRDA:614,50,1,0
BRDA:614,51,0,0
BRDA:614,51,1,0
BRF:90
BRH:0
end_of_record
TN:
SF:src\ai\ai.module.ts
FNF:0
FNH:0
DA:1,0
DA:2,0
DA:8,0
LF:3
LH:0
BRF:0
BRH:0
end_of_record
TN:
SF:src\chat\chat.controller.ts
FN:11,(anonymous_4)
FN:15,(anonymous_5)
FNF:2
FNH:0
FNDA:0,(anonymous_4)
FNDA:0,(anonymous_5)
DA:1,0
DA:2,0
DA:10,0
DA:11,0
DA:15,0
DA:16,0
LF:6
LH:0
BRDA:16,0,0,0
BRDA:16,0,1,0
BRF:2
BRH:0
end_of_record
TN:
SF:src\chat\chat.module.ts
FNF:0
FNH:0
DA:1,0
DA:2,0
DA:3,0
DA:4,0
DA:12,0
LF:5
LH:0
BRF:0
BRH:0
end_of_record
TN:
SF:src\chat\chat.service.ts
FN:11,(anonymous_2)
FN:18,(anonymous_3)
FN:28,(anonymous_4)
FN:42,(anonymous_5)
FNF:4
FNH:0
FNDA:0,(anonymous_2)
FNDA:0,(anonymous_3)
FNDA:0,(anonymous_4)
FNDA:0,(anonymous_5)
DA:1,0
DA:2,0
DA:3,0
DA:6,0
DA:7,0
DA:9,0
DA:11,0
DA:12,0
DA:19,0
DA:20,0
DA:21,0
DA:22,0
DA:24,0
DA:32,0
DA:33,0
DA:35,0
DA:36,0
DA:39,0
DA:40,0
DA:42,0
DA:49,0
DA:56,0
DA:57,0
DA:59,0
DA:60,0
LF:25
LH:0
BRDA:13,0,0,0
BRDA:13,0,1,0
BRDA:19,1,0,0
BRDA:19,1,1,0
BRDA:20,2,0,0
BRDA:20,2,1,0
BRDA:21,3,0,0
BRDA:21,3,1,0
BRDA:30,4,0,0
BRDA:32,5,0,0
BRDA:32,5,1,0
BRDA:33,6,0,0
BRDA:33,6,1,0
BRDA:35,7,0,0
BRDA:56,8,0,0
BRDA:56,8,1,0
BRDA:59,9,0,0
BRDA:59,9,1,0
BRDA:60,10,0,0
BRDA:60,10,1,0
BRF:20
BRH:0
end_of_record
TN:
SF:src\dto\alert.dto.ts
FNF:0
FNH:0
DA:1,0
DA:3,0
DA:16,0
DA:19,0
LF:4
LH:0
BRF:0
BRH:0
end_of_record
TN:
SF:src\dto\energy-consumption.dto.ts
FN:8,(anonymous_2)
FNF:1
FNH:0
FNDA:0,(anonymous_2)
DA:1,0
DA:2,0
DA:4,0
DA:6,0
DA:8,0
DA:10,0
DA:14,0
DA:18,0
DA:22,0
DA:26,0
DA:30,0
DA:33,0
LF:12
LH:0
BRF:0
BRH:0
end_of_record
TN:
SF:src\dto\equipment.dto.ts
FNF:0
FNH:0
DA:1,0
DA:3,0
DA:5,0
DA:8,0
DA:11,0
DA:15,0
DA:19,0
DA:22,0
DA:25,0
DA:29,0
DA:33,0
DA:37,0
DA:40,0
LF:13
LH:0
BRF:0
BRH:0
end_of_record
TN:
SF:src\dto\recommendation.dto.ts
FNF:0
FNH:0
DA:1,0
DA:3,0
DA:5,0
DA:8,0
DA:11,0
DA:14,0
DA:18,0
DA:22,0
DA:26,0
DA:29,0
DA:31,0
DA:34,0
LF:12
LH:0
BRF:0
BRH:0
end_of_record
TN:
SF:src\dto\worker.dto.ts
FNF:0
FNH:0
DA:1,0
DA:3,0
DA:5,0
DA:8,0
DA:11,0
DA:14,0
DA:18,0
DA:22,0
DA:25,0
DA:28,0
DA:32,0
DA:35,0
LF:12
LH:0
BRF:0
BRH:0
end_of_record
TN:
SF:src\modules\alert\alert.controller.ts
FN:6,(anonymous_4)
FN:9,(anonymous_5)
FN:14,(anonymous_6)
FN:19,(anonymous_7)
FN:24,(anonymous_8)
FN:29,(anonymous_9)
FN:34,(anonymous_10)
FN:39,(anonymous_11)
FN:44,(anonymous_12)
FNF:9
FNH:0
FNDA:0,(anonymous_4)
FNDA:0,(anonymous_5)
FNDA:0,(anonymous_6)
FNDA:0,(anonymous_7)
FNDA:0,(anonymous_8)
FNDA:0,(anonymous_9)
FNDA:0,(anonymous_10)
FNDA:0,(anonymous_11)
FNDA:0,(anonymous_12)
DA:1,0
DA:2,0
DA:5,0
DA:6,0
DA:9,0
DA:10,0
DA:14,0
DA:15,0
DA:19,0
DA:20,0
DA:24,0
DA:25,0
DA:29,0
DA:30,0
DA:34,0
DA:35,0
DA:39,0
DA:40,0
DA:44,0
DA:45,0
LF:20
LH:0
BRF:0
BRH:0
end_of_record
TN:
SF:src\modules\alert\alert.module.ts
FNF:0
FNH:0
DA:1,0
DA:2,0
DA:3,0
DA:4,0
DA:5,0
DA:6,0
DA:17,0
LF:7
LH:0
BRF:0
BRH:0
end_of_record
TN:
SF:src\modules\alert\alert.service.ts
FN:9,(anonymous_4)
FN:17,(anonymous_5)
FN:40,(anonymous_6)
FN:88,(anonymous_7)
FN:123,(anonymous_8)
FN:133,(anonymous_9)
FN:143,(anonymous_10)
FN:154,(anonymous_11)
FN:163,(anonymous_12)
FN:176,(anonymous_13)
FN:190,(anonymous_14)
FN:195,(anonymous_15)
FN:196,(anonymous_16)
FN:197,(anonymous_17)
FN:198,(anonymous_18)
FN:199,(anonymous_19)
FN:201,(anonymous_20)
FN:202,(anonymous_21)
FN:203,(anonymous_22)
FN:204,(anonymous_23)
FN:205,(anonymous_24)
FNF:21
FNH:0
FNDA:0,(anonymous_4)
FNDA:0,(anonymous_5)
FNDA:0,(anonymous_6)
FNDA:0,(anonymous_7)
FNDA:0,(anonymous_8)
FNDA:0,(anonymous_9)
FNDA:0,(anonymous_10)
FNDA:0,(anonymous_11)
FNDA:0,(anonymous_12)
FNDA:0,(anonymous_13)
FNDA:0,(anonymous_14)
FNDA:0,(anonymous_15)
FNDA:0,(anonymous_16)
FNDA:0,(anonymous_17)
FNDA:0,(anonymous_18)
FNDA:0,(anonymous_19)
FNDA:0,(anonymous_20)
FNDA:0,(anonymous_21)
FNDA:0,(anonymous_22)
FNDA:0,(anonymous_23)
FNDA:0,(anonymous_24)
DA:1,0
DA:2,0
DA:3,0
DA:4,0
DA:5,0
DA:8,0
DA:10,0
DA:11,0
DA:25,0
DA:34,0
DA:41,0
DA:42,0
DA:45,0
DA:46,0
DA:55,0
DA:59,0
DA:60,0
DA:69,0
DA:73,0
DA:74,0
DA:83,0
DA:87,0
DA:88,0
DA:90,0
DA:91,0
DA:100,0
DA:104,0
DA:105,0
DA:114,0
DA:117,0
DA:124,0
DA:134,0
DA:144,0
DA:155,0
DA:164,0
DA:177,0
DA:191,0
DA:193,0
DA:195,0
DA:196,0
DA:197,0
DA:198,0
DA:199,0
DA:201,0
DA:202,0
DA:203,0
DA:204,0
DA:205,0
DA:209,0
LF:49
LH:0
BRDA:45,0,0,0
BRDA:59,1,0,0
BRDA:73,2,0,0
BRDA:90,3,0,0
BRDA:104,4,0,0
BRDA:143,5,0,0
BRF:6
BRH:0
end_of_record
TN:
SF:src\modules\data-collection\data-collection.controller.ts
FN:12,(anonymous_4)
FN:17,(anonymous_5)
FN:22,(anonymous_6)
FN:27,(anonymous_7)
FN:32,(anonymous_8)
FN:40,(anonymous_9)
FN:47,(anonymous_10)
FN:52,(anonymous_11)
FN:57,(anonymous_12)
FN:62,(anonymous_13)
FN:70,(anonymous_14)
FN:77,(anonymous_15)
FN:86,(anonymous_16)
FNF:13
FNH:0
FNDA:0,(anonymous_4)
FNDA:0,(anonymous_5)
FNDA:0,(anonymous_6)
FNDA:0,(anonymous_7)
FNDA:0,(anonymous_8)
FNDA:0,(anonymous_9)
FNDA:0,(anonymous_10)
FNDA:0,(anonymous_11)
FNDA:0,(anonymous_12)
FNDA:0,(anonymous_13)
FNDA:0,(anonymous_14)
FNDA:0,(anonymous_15)
FNDA:0,(anonymous_16)
DA:1,0
DA:2,0
DA:3,0
DA:7,0
DA:8,0
DA:11,0
DA:12,0
DA:17,0
DA:18,0
DA:22,0
DA:23,0
DA:27,0
DA:28,0
DA:32,0
DA:36,0
DA:40,0
DA:41,0
DA:47,0
DA:48,0
DA:52,0
DA:53,0
DA:57,0
DA:58,0
DA:62,0
DA:66,0
DA:70,0
DA:71,0
DA:77,0
DA:80,0
DA:86,0
DA:90,0
LF:31
LH:0
BRDA:88,0,0,0
BRF:1
BRH:0
end_of_record
TN:
SF:src\modules\data-collection\data-collection.module.ts
FNF:0
FNH:0
DA:1,0
DA:2,0
DA:3,0
DA:4,0
DA:5,0
DA:6,0
DA:7,0
DA:8,0
DA:23,0
LF:9
LH:0
BRF:0
BRH:0
end_of_record
TN:
SF:src\modules\data-collection\data-collection.service.ts
FN:17,(anonymous_4)
FN:27,(anonymous_5)
FN:32,(anonymous_6)
FN:36,(anonymous_7)
FN:40,(anonymous_8)
FN:46,(anonymous_9)
FN:52,(anonymous_10)
FN:57,(anonymous_11)
FN:61,(anonymous_12)
FN:65,(anonymous_13)
FN:71,(anonymous_14)
FN:77,(anonymous_15)
FN:94,(anonymous_16)
FN:108,(anonymous_17)
FN:127,(anonymous_18)
FNF:15
FNH:0
FNDA:0,(anonymous_4)
FNDA:0,(anonymous_5)
FNDA:0,(anonymous_6)
FNDA:0,(anonymous_7)
FNDA:0,(anonymous_8)
FNDA:0,(anonymous_9)
FNDA:0,(anonymous_10)
FNDA:0,(anonymous_11)
FNDA:0,(anonymous_12)
FNDA:0,(anonymous_13)
FNDA:0,(anonymous_14)
FNDA:0,(anonymous_15)
FNDA:0,(anonymous_16)
FNDA:0,(anonymous_17)
FNDA:0,(anonymous_18)
DA:1,0
DA:2,0
DA:3,0
DA:4,0
DA:5,0
DA:6,0
DA:7,0
DA:16,0
DA:18,0
DA:19,0
DA:21,0
DA:22,0
DA:28,0
DA:29,0
DA:33,0
DA:37,0
DA:41,0
DA:47,0
DA:53,0
DA:54,0
DA:58,0
DA:62,0
DA:66,0
DA:72,0
DA:80,0
DA:85,0
DA:86,0
DA:89,0
DA:91,0
DA:95,0
DA:96,0
DA:98,0
DA:110,0
DA:112,0
DA:124,0
DA:128,0
DA:129,0
DA:131,0
LF:38
LH:0
BRDA:86,0,0,0
BRDA:86,0,1,0
BRDA:87,1,0,0
BRDA:87,1,1,0
BRDA:94,2,0,0
BRDA:127,3,0,0
BRF:6
BRH:0
end_of_record
TN:
SF:src\modules\external-data\external-data.controller.ts
FN:8,(anonymous_4)
FN:11,(anonymous_5)
FN:17,(anonymous_6)
FN:22,(anonymous_7)
FN:27,(anonymous_8)
FN:32,(anonymous_9)
FN:37,(anonymous_10)
FNF:7
FNH:0
FNDA:0,(anonymous_4)
FNDA:0,(anonymous_5)
FNDA:0,(anonymous_6)
FNDA:0,(anonymous_7)
FNDA:0,(anonymous_8)
FNDA:0,(anonymous_9)
FNDA:0,(anonymous_10)
DA:1,0
DA:2,0
DA:5,0
DA:6,0
DA:8,0
DA:11,0
DA:12,0
DA:13,0
DA:17,0
DA:18,0
DA:22,0
DA:23,0
DA:27,0
DA:28,0
DA:32,0
DA:33,0
DA:37,0
DA:38,0
LF:18
LH:0
BRF:0
BRH:0
end_of_record
TN:
SF:src\modules\external-data\external-data.module.ts
FNF:0
FNH:0
DA:1,0
DA:2,0
DA:3,0
DA:4,0
DA:5,0
DA:19,0
LF:6
LH:0
BRF:0
BRH:0
end_of_record
TN:
SF:src\modules\external-data\external-data.service.ts
FN:72,(anonymous_2)
FN:81,(anonymous_3)
FN:95,(anonymous_4)
FN:109,(anonymous_5)
FN:123,(anonymous_6)
FN:137,(anonymous_7)
FN:145,(anonymous_8)
FN:146,(anonymous_9)
FN:147,(anonymous_10)
FN:164,(anonymous_11)
FNF:10
FNH:0
FNDA:0,(anonymous_2)
FNDA:0,(anonymous_3)
FNDA:0,(anonymous_4)
FNDA:0,(anonymous_5)
FNDA:0,(anonymous_6)
FNDA:0,(anonymous_7)
FNDA:0,(anonymous_8)
FNDA:0,(anonymous_9)
FNDA:0,(anonymous_10)
FNDA:0,(anonymous_11)
DA:1,0
DA:2,0
DA:3,0
DA:4,0
DA:65,0
DA:66,0
DA:73,0
DA:74,0
DA:76,0
DA:77,0
DA:78,0
DA:82,0
DA:84,0
DA:85,0
DA:88,0
DA:90,0
DA:91,0
DA:96,0
DA:98,0
DA:99,0
DA:102,0
DA:104,0
DA:105,0
DA:110,0
DA:112,0
DA:113,0
DA:116,0
DA:118,0
DA:119,0
DA:124,0
DA:126,0
DA:127,0
DA:130,0
DA:132,0
DA:133,0
DA:138,0
DA:145,0
DA:146,0
DA:147,0
DA:149,0
DA:165,0
DA:166,0
DA:169,0
DA:171,0
DA:172,0
LF:45
LH:0
BRDA:76,0,0,0
BRDA:76,0,1,0
BRDA:77,1,0,0
BRDA:77,1,1,0
BRDA:78,2,0,0
BRDA:78,2,1,0
BRDA:82,3,0,0
BRDA:96,4,0,0
BRDA:102,5,0,0
BRDA:102,5,1,0
BRDA:110,6,0,0
BRDA:116,7,0,0
BRDA:116,7,1,0
BRDA:124,8,0,0
BRDA:130,9,0,0
BRDA:130,9,1,0
BRDA:155,10,0,0
BRDA:155,10,1,0
BRDA:169,11,0,0
BRDA:169,11,1,0
BRF:20
BRH:0
end_of_record
TN:
SF:src\modules\recommendation\recommendation.controller.ts
FN:31,(anonymous_4)
FN:34,(anonymous_5)
FN:80,(anonymous_6)
FN:85,(anonymous_7)
FN:94,(anonymous_8)
FN:99,(anonymous_9)
FN:104,(anonymous_10)
FN:109,(anonymous_11)
FN:114,(anonymous_12)
FN:128,(anonymous_13)
FN:144,(anonymous_14)
FNF:11
FNH:7
FNDA:9,(anonymous_4)
FNDA:0,(anonymous_5)
FNDA:1,(anonymous_6)
FNDA:2,(anonymous_7)
FNDA:0,(anonymous_8)
FNDA:1,(anonymous_9)
FNDA:0,(anonymous_10)
FNDA:1,(anonymous_11)
FNDA:3,(anonymous_12)
FNDA:0,(anonymous_13)
FNDA:1,(anonymous_14)
DA:1,1
DA:10,1
DA:30,1
DA:31,9
DA:34,1
DA:35,0
DA:37,0
DA:63,0
DA:64,0
DA:65,0
DA:66,0
DA:69,0
DA:75,0
DA:80,1
DA:81,1
DA:85,1
DA:89,2
DA:94,1
DA:95,0
DA:99,1
DA:100,1
DA:104,1
DA:105,0
DA:109,1
DA:110,1
DA:114,1
DA:118,3
DA:119,1
DA:120,2
DA:121,1
DA:123,1
DA:128,1
DA:129,0
DA:130,0
DA:131,0
DA:135,0
DA:144,1
DA:145,1
LF:38
LH:24
BRDA:118,0,0,1
BRDA:118,0,1,2
BRDA:120,1,0,1
BRDA:120,1,1,1
BRDA:130,2,0,0
BRF:5
BRH:4
end_of_record
TN:
SF:src\modules\recommendation\recommendation.module.ts
FNF:0
FNH:0
DA:1,0
DA:2,0
DA:3,0
DA:4,0
DA:5,0
DA:6,0
DA:19,0
LF:7
LH:0
BRF:0
BRH:0
end_of_record
TN:
SF:src\modules\recommendation\recommendation.service.ts
FN:46,(anonymous_4)
FN:51,(anonymous_5)
FN:60,(anonymous_6)
FN:67,(anonymous_7)
FN:74,(anonymous_8)
FN:75,(anonymous_9)
FN:78,(anonymous_10)
FN:81,(anonymous_11)
FN:84,(anonymous_12)
FN:87,(anonymous_13)
FN:92,(anonymous_14)
FN:96,(anonymous_15)
FN:102,(anonymous_16)
FN:106,(anonymous_17)
FN:131,(anonymous_18)
FN:167,(anonymous_19)
FN:184,(anonymous_20)
FN:185,(anonymous_21)
FN:186,(anonymous_22)
FN:193,(anonymous_23)
FN:211,(anonymous_24)
FN:258,(anonymous_25)
FN:259,(anonymous_26)
FN:262,(anonymous_27)
FN:263,(anonymous_28)
FN:268,(anonymous_29)
FN:277,(anonymous_30)
FN:279,(anonymous_31)
FN:283,(anonymous_32)
FN:285,(anonymous_33)
FN:289,(anonymous_34)
FN:295,(anonymous_35)
FN:296,(anonymous_36)
FN:299,(anonymous_37)
FN:303,(anonymous_38)
FN:315,(anonymous_39)
FN:327,(anonymous_40)
FN:343,(anonymous_41)
FN:354,(anonymous_42)
FN:356,(anonymous_43)
FN:399,(anonymous_44)
FN:432,(anonymous_45)
FN:437,(anonymous_46)
FN:438,(anonymous_47)
FN:442,(anonymous_48)
FN:443,(anonymous_49)
FN:459,(anonymous_50)
FN:460,(anonymous_51)
FN:474,(anonymous_52)
FNF:49
FNH:13
FNDA:14,(anonymous_4)
FNDA:1,(anonymous_5)
FNDA:8,(anonymous_6)
FNDA:4,(anonymous_7)
FNDA:7,(anonymous_8)
FNDA:7,(anonymous_9)
FNDA:7,(anonymous_10)
FNDA:2,(anonymous_11)
FNDA:1,(anonymous_12)
FNDA:7,(anonymous_13)
FNDA:2,(anonymous_14)
FNDA:1,(anonymous_15)
FNDA:2,(anonymous_16)
FNDA:0,(anonymous_17)
FNDA:0,(anonymous_18)
FNDA:0,(anonymous_19)
FNDA:0,(anonymous_20)
FNDA:0,(anonymous_21)
FNDA:0,(anonymous_22)
FNDA:0,(anonymous_23)
FNDA:0,(anonymous_24)
FNDA:0,(anonymous_25)
FNDA:0,(anonymous_26)
FNDA:0,(anonymous_27)
FNDA:0,(anonymous_28)
FNDA:0,(anonymous_29)
FNDA:0,(anonymous_30)
FNDA:0,(anonymous_31)
FNDA:0,(anonymous_32)
FNDA:0,(anonymous_33)
FNDA:0,(anonymous_34)
FNDA:0,(anonymous_35)
FNDA:0,(anonymous_36)
FNDA:0,(anonymous_37)
FNDA:0,(anonymous_38)
FNDA:0,(anonymous_39)
FNDA:0,(anonymous_40)
FNDA:0,(anonymous_41)
FNDA:0,(anonymous_42)
FNDA:0,(anonymous_43)
FNDA:0,(anonymous_44)
FNDA:0,(anonymous_45)
FNDA:0,(anonymous_46)
FNDA:0,(anonymous_47)
FNDA:0,(anonymous_48)
FNDA:0,(anonymous_49)
FNDA:0,(anonymous_50)
FNDA:0,(anonymous_51)
FNDA:0,(anonymous_52)
DA:1,2
DA:2,2
DA:3,2
DA:4,2
DA:43,2
DA:44,14
DA:47,14
DA:48,14
DA:52,1
DA:57,1
DA:61,8
DA:62,8
DA:63,8
DA:64,8
DA:73,4
DA:74,7
DA:75,7
DA:76,4
DA:78,7
DA:81,2
DA:84,1
DA:87,7
DA:93,2
DA:97,1
DA:103,2
DA:108,0
DA:109,0
DA:110,0
DA:114,0
DA:117,0
DA:127,0
DA:128,0
DA:133,0
DA:134,0
DA:135,0
DA:139,0
DA:142,0
DA:149,0
DA:160,0
DA:161,0
DA:168,0
DA:169,0
DA:175,0
DA:184,0
DA:185,0
DA:187,0
DA:193,0
DA:203,0
DA:204,0
DA:212,0
DA:214,0
DA:219,0
DA:221,0
DA:222,0
DA:225,0
DA:228,0
DA:230,0
DA:232,0
DA:235,0
DA:237,0
DA:239,0
DA:242,0
DA:244,0
DA:246,0
DA:249,0
DA:251,0
DA:254,0
DA:259,0
DA:263,0
DA:264,0
DA:266,0
DA:268,0
DA:269,0
DA:270,0
DA:271,0
DA:274,0
DA:278,0
DA:279,0
DA:280,0
DA:284,0
DA:285,0
DA:286,0
DA:290,0
DA:291,0
DA:292,0
DA:296,0
DA:297,0
DA:299,0
DA:300,0
DA:304,0
DA:305,0
DA:308,0
DA:310,0
DA:311,0
DA:316,0
DA:317,0
DA:320,0
DA:322,0
DA:323,0
DA:328,0
DA:329,0
DA:332,0
DA:334,0
DA:335,0
DA:353,0
DA:354,0
DA:356,0
DA:357,0
DA:358,0
DA:359,0
DA:362,0
DA:372,0
DA:374,0
DA:375,0
DA:378,0
DA:380,0
DA:382,0
DA:388,0
DA:399,0
DA:400,0
DA:401,0
DA:402,0
DA:403,0
DA:405,0
DA:410,0
DA:426,0
DA:433,0
DA:435,0
DA:437,0
DA:438,0
DA:442,0
DA:443,0
DA:459,0
DA:460,0
DA:474,0
DA:475,0
DA:476,0
DA:477,0
DA:479,0
DA:480,0
DA:482,0
DA:483,0
DA:488,0
LF:143
LH:25
BRDA:62,0,0,6
BRDA:63,1,0,2
BRDA:78,2,0,7
BRDA:78,2,1,0
BRDA:81,3,0,2
BRDA:81,3,1,0
BRDA:84,4,0,1
BRDA:84,4,1,0
BRDA:87,5,0,7
BRDA:87,5,1,0
BRDA:109,6,0,0
BRDA:134,7,0,0
BRDA:178,8,0,0
BRDA:178,8,1,0
BRDA:179,9,0,0
BRDA:179,9,1,0
BRDA:180,10,0,0
BRDA:180,10,1,0
BRDA:180,11,0,0
BRDA:180,11,1,0
BRDA:187,12,0,0
BRDA:187,12,1,0
BRDA:187,12,2,0
BRDA:193,13,0,0
BRDA:193,13,1,0
BRDA:212,14,0,0
BRDA:212,15,0,0
BRDA:212,15,1,0
BRDA:219,16,0,0
BRDA:219,16,1,0
BRDA:219,16,2,0
BRDA:219,16,3,0
BRDA:219,16,4,0
BRDA:259,17,0,0
BRDA:259,17,1,0
BRDA:264,18,0,0
BRDA:264,18,1,0
BRDA:264,18,2,0
BRDA:266,19,0,0
BRDA:279,20,0,0
BRDA:279,20,1,0
BRDA:280,21,0,0
BRDA:280,21,1,0
BRDA:284,22,0,0
BRDA:290,23,0,0
BRDA:290,24,0,0
BRDA:290,24,1,0
BRDA:296,25,0,0
BRDA:296,25,1,0
BRDA:297,26,0,0
BRDA:320,27,0,0
BRDA:320,27,1,0
BRDA:332,28,0,0
BRDA:332,28,1,0
BRDA:354,29,0,0
BRDA:354,29,1,0
BRDA:357,30,0,0
BRDA:357,30,1,0
BRDA:358,31,0,0
BRDA:358,31,1,0
BRDA:374,32,0,0
BRDA:380,33,0,0
BRDA:380,33,1,0
BRDA:382,34,0,0
BRDA:382,34,1,0
BRDA:384,35,0,0
BRDA:384,35,1,0
BRDA:384,36,0,0
BRDA:384,36,1,0
BRDA:400,37,0,0
BRDA:400,37,1,0
BRDA:403,38,0,0
BRDA:403,38,1,0
BRDA:405,39,0,0
BRDA:405,39,1,0
BRDA:407,40,0,0
BRDA:407,40,1,0
BRDA:407,41,0,0
BRDA:407,41,1,0
BRDA:414,42,0,0
BRDA:414,42,1,0
BRDA:416,43,0,0
BRDA:416,43,1,0
BRDA:442,44,0,0
BRDA:442,44,1,0
BRDA:442,44,2,0
BRDA:459,45,0,0
BRDA:459,45,1,0
BRDA:475,46,0,0
BRDA:476,47,0,0
BRDA:479,48,0,0
BRDA:482,49,0,0
BRF:92
BRH:6
end_of_record
TN:
SF:src\modules\reporting\reporting.controller.ts
FN:6,(anonymous_4)
FN:9,(anonymous_5)
FN:17,(anonymous_6)
FN:22,(anonymous_7)
FN:27,(anonymous_8)
FN:32,(anonymous_9)
FNF:6
FNH:0
FNDA:0,(anonymous_4)
FNDA:0,(anonymous_5)
FNDA:0,(anonymous_6)
FNDA:0,(anonymous_7)
FNDA:0,(anonymous_8)
FNDA:0,(anonymous_9)
DA:1,0
DA:2,0
DA:5,0
DA:6,0
DA:9,0
DA:13,0
DA:17,0
DA:18,0
DA:22,0
DA:23,0
DA:27,0
DA:28,0
DA:32,0
DA:36,0
LF:14
LH:0
BRDA:11,0,0,0
BRDA:34,1,0,0
BRF:2
BRH:0
end_of_record
TN:
SF:src\modules\reporting\reporting.module.ts
FNF:0
FNH:0
DA:1,0
DA:2,0
DA:3,0
DA:4,0
DA:5,0
DA:6,0
DA:19,0
LF:7
LH:0
BRF:0
BRH:0
end_of_record
TN:
SF:src\modules\reporting\reporting.service.ts
FN:22,(anonymous_4)
FN:31,(anonymous_5)
FN:45,(anonymous_6)
FN:49,(anonymous_7)
FN:77,(anonymous_8)
FN:83,(anonymous_9)
FN:89,(anonymous_10)
FN:92,(anonymous_11)
FN:95,(anonymous_12)
FN:99,(anonymous_13)
FN:111,(anonymous_14)
FN:117,(anonymous_15)
FN:118,(anonymous_16)
FN:121,(anonymous_17)
FN:125,(anonymous_18)
FN:129,(anonymous_19)
FN:152,(anonymous_20)
FN:164,(anonymous_21)
FN:165,(anonymous_22)
FN:166,(anonymous_23)
FN:175,(anonymous_24)
FN:196,(anonymous_25)
FN:199,(anonymous_26)
FN:205,(anonymous_27)
FN:208,(anonymous_28)
FN:214,(anonymous_29)
FNF:26
FNH:0
FNDA:0,(anonymous_4)
FNDA:0,(anonymous_5)
FNDA:0,(anonymous_6)
FNDA:0,(anonymous_7)
FNDA:0,(anonymous_8)
FNDA:0,(anonymous_9)
FNDA:0,(anonymous_10)
FNDA:0,(anonymous_11)
FNDA:0,(anonymous_12)
FNDA:0,(anonymous_13)
FNDA:0,(anonymous_14)
FNDA:0,(anonymous_15)
FNDA:0,(anonymous_16)
FNDA:0,(anonymous_17)
FNDA:0,(anonymous_18)
FNDA:0,(anonymous_19)
FNDA:0,(anonymous_20)
FNDA:0,(anonymous_21)
FNDA:0,(anonymous_22)
FNDA:0,(anonymous_23)
FNDA:0,(anonymous_24)
FNDA:0,(anonymous_25)
FNDA:0,(anonymous_26)
FNDA:0,(anonymous_27)
FNDA:0,(anonymous_28)
FNDA:0,(anonymous_29)
DA:1,0
DA:2,0
DA:3,0
DA:4,0
DA:5,0
DA:21,0
DA:24,0
DA:25,0
DA:32,0
DA:33,0
DA:36,0
DA:44,0
DA:45,0
DA:48,0
DA:49,0
DA:54,0
DA:56,0
DA:78,0
DA:79,0
DA:83,0
DA:85,0
DA:89,0
DA:92,0
DA:95,0
DA:99,0
DA:112,0
DA:113,0
DA:117,0
DA:118,0
DA:120,0
DA:121,0
DA:124,0
DA:125,0
DA:128,0
DA:129,0
DA:134,0
DA:138,0
DA:153,0
DA:154,0
DA:155,0
DA:156,0
DA:158,0
DA:164,0
DA:165,0
DA:166,0
DA:176,0
DA:178,0
DA:179,0
DA:183,0
DA:184,0
DA:191,0
DA:197,0
DA:198,0
DA:199,0
DA:202,0
DA:206,0
DA:207,0
DA:208,0
DA:211,0
DA:215,0
DA:223,0
DA:224,0
DA:225,0
DA:229,0
LF:64
LH:0
BRDA:31,0,0,0
BRDA:45,1,0,0
BRDA:45,1,1,0
BRDA:49,2,0,0
BRDA:49,2,1,0
BRDA:89,3,0,0
BRDA:89,3,1,0
BRDA:92,4,0,0
BRDA:92,4,1,0
BRDA:95,5,0,0
BRDA:95,5,1,0
BRDA:121,6,0,0
BRDA:121,6,1,0
BRDA:125,7,0,0
BRDA:125,7,1,0
BRDA:129,8,0,0
BRDA:129,8,1,0
BRDA:134,9,0,0
BRDA:134,9,1,0
BRDA:175,10,0,0
BRDA:178,11,0,0
BRDA:197,12,0,0
BRDA:206,13,0,0
BRDA:224,14,0,0
BRDA:225,15,0,0
BRDA:225,15,1,0
BRDA:225,16,0,0
BRDA:225,16,1,0
BRF:28
BRH:0
end_of_record
TN:
SF:src\modules\resource-analysis\resource-analysis.controller.ts
FN:6,(anonymous_4)
FN:11,(anonymous_5)
FN:16,(anonymous_6)
FN:21,(anonymous_7)
FN:26,(anonymous_8)
FN:31,(anonymous_9)
FNF:6
FNH:0
FNDA:0,(anonymous_4)
FNDA:0,(anonymous_5)
FNDA:0,(anonymous_6)
FNDA:0,(anonymous_7)
FNDA:0,(anonymous_8)
FNDA:0,(anonymous_9)
DA:1,0
DA:2,0
DA:5,0
DA:7,0
DA:11,0
DA:12,0
DA:16,0
DA:17,0
DA:21,0
DA:22,0
DA:26,0
DA:27,0
DA:31,0
DA:32,0
LF:14
LH:0
BRF:0
BRH:0
end_of_record
TN:
SF:src\modules\resource-analysis\resource-analysis.module.ts
FNF:0
FNH:0
DA:1,0
DA:2,0
DA:3,0
DA:4,0
DA:5,0
DA:6,0
DA:7,0
DA:8,0
DA:9,0
DA:25,0
LF:10
LH:0
BRF:0
BRH:0
end_of_record
TN:
SF:src\modules\resource-analysis\resource-analysis.service.ts
FN:30,(anonymous_4)
FN:37,(anonymous_5)
FN:43,(anonymous_6)
FN:44,(anonymous_7)
FN:54,(anonymous_8)
FN:83,(anonymous_9)
FN:91,(anonymous_10)
FN:95,(anonymous_11)
FN:97,(anonymous_12)
FN:98,(anonymous_13)
FN:102,(anonymous_14)
FN:105,(anonymous_15)
FN:116,(anonymous_16)
FN:120,(anonymous_17)
FN:124,(anonymous_18)
FN:139,(anonymous_19)
FN:145,(anonymous_20)
FN:165,(anonymous_21)
FN:193,(anonymous_22)
FNF:19
FNH:0
FNDA:0,(anonymous_4)
FNDA:0,(anonymous_5)
FNDA:0,(anonymous_6)
FNDA:0,(anonymous_7)
FNDA:0,(anonymous_8)
FNDA:0,(anonymous_9)
FNDA:0,(anonymous_10)
FNDA:0,(anonymous_11)
FNDA:0,(anonymous_12)
FNDA:0,(anonymous_13)
FNDA:0,(anonymous_14)
FNDA:0,(anonymous_15)
FNDA:0,(anonymous_16)
FNDA:0,(anonymous_17)
FNDA:0,(anonymous_18)
FNDA:0,(anonymous_19)
FNDA:0,(anonymous_20)
FNDA:0,(anonymous_21)
FNDA:0,(anonymous_22)
DA:1,0
DA:2,0
DA:3,0
DA:4,0
DA:5,0
DA:6,0
DA:7,0
DA:29,0
DA:31,0
DA:32,0
DA:33,0
DA:34,0
DA:38,0
DA:42,0
DA:43,0
DA:44,0
DA:55,0
DA:56,0
DA:58,0
DA:65,0
DA:66,0
DA:69,0
DA:70,0
DA:71,0
DA:72,0
DA:73,0
DA:75,0
DA:76,0
DA:77,0
DA:78,0
DA:79,0
DA:82,0
DA:84,0
DA:85,0
DA:86,0
DA:90,0
DA:91,0
DA:94,0
DA:95,0
DA:97,0
DA:98,0
DA:103,0
DA:105,0
DA:117,0
DA:118,0
DA:120,0
DA:121,0
DA:124,0
DA:125,0
DA:128,0
DA:140,0
DA:145,0
DA:148,0
DA:151,0
DA:152,0
DA:158,0
DA:159,0
DA:165,0
DA:166,0
DA:167,0
DA:173,0
DA:174,0
DA:177,0
DA:178,0
DA:179,0
DA:180,0
DA:184,0
DA:185,0
DA:192,0
DA:193,0
DA:194,0
DA:195,0
DA:196,0
DA:203,0
DA:204,0
DA:205,0
DA:206,0
DA:207,0
DA:215,0
DA:219,0
DA:223,0
LF:81
LH:0
BRDA:54,0,0,0
BRDA:65,1,0,0
BRDA:72,2,0,0
BRDA:75,3,0,0
BRDA:75,3,1,0
BRDA:76,4,0,0
BRDA:76,4,1,0
BRDA:77,5,0,0
BRDA:77,5,1,0
BRDA:78,6,0,0
BRDA:78,6,1,0
BRDA:79,7,0,0
BRDA:79,7,1,0
BRDA:84,8,0,0
BRDA:84,8,1,0
BRDA:85,9,0,0
BRDA:85,9,1,0
BRDA:90,10,0,0
BRDA:90,10,1,0
BRDA:91,11,0,0
BRDA:91,11,1,0
BRDA:97,12,0,0
BRDA:97,12,1,0
BRDA:98,13,0,0
BRDA:98,13,1,0
BRDA:112,14,0,0
BRDA:112,14,1,0
BRDA:112,15,0,0
BRDA:112,15,1,0
BRDA:121,16,0,0
BRDA:121,16,1,0
BRDA:133,17,0,0
BRDA:133,17,1,0
BRDA:134,18,0,0
BRDA:134,18,1,0
BRDA:151,19,0,0
BRDA:158,20,0,0
BRDA:166,21,0,0
BRDA:173,22,0,0
BRDA:177,23,0,0
BRDA:179,24,0,0
BRDA:184,25,0,0
BRDA:192,26,0,0
BRDA:195,27,0,0
BRDA:195,28,0,0
BRDA:195,28,1,0
BRDA:203,29,0,0
BRDA:203,30,0,0
BRDA:203,30,1,0
BRDA:206,31,0,0
BRDA:215,32,0,0
BRDA:215,32,1,0
BRDA:215,33,0,0
BRDA:215,33,1,0
BRDA:219,34,0,0
BRDA:219,34,1,0
BRDA:219,35,0,0
BRDA:219,35,1,0
BRDA:233,36,0,0
BRDA:233,36,1,0
BRF:60
BRH:0
end_of_record
TN:
SF:src\schemas\alert.schema.ts
FNF:0
FNH:0
DA:1,0
DA:2,0
DA:5,0
DA:7,0
DA:10,0
DA:13,0
DA:16,0
DA:19,0
DA:22,0
DA:25,0
DA:28,0
DA:31,0
DA:34,0
LF:13
LH:0
BRF:0
BRH:0
end_of_record
TN:
SF:src\schemas\energy-consumption.schema.ts
FNF:0
FNH:0
DA:1,0
DA:2,0
DA:5,0
DA:7,0
DA:10,0
DA:13,0
DA:16,0
DA:19,0
DA:22,0
DA:25,0
DA:28,0
DA:31,0
DA:34,0
LF:13
LH:0
BRF:0
BRH:0
end_of_record
TN:
SF:src\schemas\equipment.schema.ts
FNF:0
FNH:0
DA:1,0
DA:2,0
DA:5,0
DA:7,0
DA:10,0
DA:13,0
DA:16,0
DA:19,0
DA:22,0
DA:25,0
DA:28,0
DA:31,0
DA:34,0
DA:37,0
LF:14
LH:0
BRF:0
BRH:0
end_of_record
TN:
SF:src\schemas\recommendation.schema.ts
FNF:0
FNH:0
DA:1,0
DA:2,0
DA:5,0
DA:7,0
DA:10,0
DA:13,0
DA:16,0
DA:19,0
DA:22,0
DA:25,0
DA:28,0
DA:31,0
DA:34,0
DA:37,0
DA:40,0
DA:42,0
LF:16
LH:0
BRF:0
BRH:0
end_of_record
TN:
SF:src\schemas\usage-data.schema.ts
FNF:0
FNH:0
DA:1,0
DA:2,0
DA:5,0
DA:7,0
DA:10,0
DA:13,0
DA:16,0
DA:19,0
DA:22,0
DA:25,0
DA:28,0
DA:31,0
DA:34,0
DA:37,0
LF:14
LH:0
BRF:0
BRH:0
end_of_record
TN:
SF:src\schemas\worker.schema.ts
FNF:0
FNH:0
DA:1,0
DA:2,0
DA:5,0
DA:7,0
DA:10,0
DA:13,0
DA:16,0
DA:19,0
DA:22,0
DA:25,0
DA:28,0
DA:31,0
DA:34,0
LF:13
LH:0
BRF:0
BRH:0
end_of_record
