TN:
SF:src\app.module.ts
FNF:0
FNH:0
DA:1,0
DA:2,0
DA:3,0
DA:4,0
DA:5,0
DA:20,0
LF:6
LH:0
BRDA:14,0,0,0
BRDA:14,0,1,0
BRF:2
BRH:0
end_of_record
TN:
SF:src\main.ts
FN:4,bootstrap
FNF:1
FNH:0
FNDA:0,bootstrap
DA:1,0
DA:2,0
DA:5,0
DA:6,0
DA:7,0
DA:9,0
LF:6
LH:0
BRDA:7,0,0,0
BRDA:7,0,1,0
BRF:2
BRH:0
end_of_record
TN:
SF:src\chat\chat.controller.ts
FN:11,(anonymous_4)
FN:15,(anonymous_5)
FNF:2
FNH:0
FNDA:0,(anonymous_4)
FNDA:0,(anonymous_5)
DA:1,0
DA:2,0
DA:10,0
DA:11,0
DA:15,0
DA:16,0
LF:6
LH:0
BRDA:16,0,0,0
BRDA:16,0,1,0
BRDA:11,1,0,0
BRDA:11,1,1,0
BRDA:11,2,0,0
BRDA:11,2,1,0
BRF:6
BRH:0
end_of_record
TN:
SF:src\chat\chat.module.ts
FNF:0
FNH:0
DA:1,0
DA:2,0
DA:3,0
DA:4,0
DA:12,0
LF:5
LH:0
BRF:0
BRH:0
end_of_record
TN:
SF:src\chat\chat.service.ts
FN:11,(anonymous_3)
FN:18,(anonymous_4)
FN:28,(anonymous_5)
FN:42,(anonymous_6)
FNF:4
FNH:0
FNDA:0,(anonymous_3)
FNDA:0,(anonymous_4)
FNDA:0,(anonymous_5)
FNDA:0,(anonymous_6)
DA:1,0
DA:2,0
DA:3,0
DA:6,0
DA:7,0
DA:9,0
DA:11,0
DA:12,0
DA:19,0
DA:20,0
DA:21,0
DA:22,0
DA:24,0
DA:32,0
DA:33,0
DA:35,0
DA:36,0
DA:39,0
DA:40,0
DA:42,0
DA:49,0
DA:56,0
DA:57,0
DA:59,0
DA:60,0
LF:25
LH:0
BRDA:13,0,0,0
BRDA:13,0,1,0
BRDA:19,1,0,0
BRDA:19,1,1,0
BRDA:20,2,0,0
BRDA:20,2,1,0
BRDA:21,3,0,0
BRDA:21,3,1,0
BRDA:30,4,0,0
BRDA:32,5,0,0
BRDA:32,5,1,0
BRDA:33,6,0,0
BRDA:33,6,1,0
BRDA:35,7,0,0
BRDA:35,7,1,0
BRDA:56,8,0,0
BRDA:56,8,1,0
BRDA:59,9,0,0
BRDA:59,9,1,0
BRDA:60,10,0,0
BRDA:60,10,1,0
BRDA:11,11,0,0
BRDA:11,11,1,0
BRDA:11,12,0,0
BRDA:11,12,1,0
BRF:25
BRH:0
end_of_record
TN:
SF:src\incidents\incidents-events.service.ts
FN:14,(anonymous_1)
FN:19,(anonymous_2)
FN:21,(anonymous_3)
FN:24,(anonymous_4)
FN:26,(anonymous_5)
FN:35,(anonymous_6)
FN:37,(anonymous_7)
FN:46,(anonymous_8)
FN:48,(anonymous_9)
FNF:9
FNH:0
FNDA:0,(anonymous_1)
FNDA:0,(anonymous_2)
FNDA:0,(anonymous_3)
FNDA:0,(anonymous_4)
FNDA:0,(anonymous_5)
FNDA:0,(anonymous_6)
FNDA:0,(anonymous_7)
FNDA:0,(anonymous_8)
FNDA:0,(anonymous_9)
DA:1,2
DA:10,2
DA:11,0
DA:12,0
DA:15,0
DA:16,0
DA:20,0
DA:21,0
DA:25,0
DA:26,0
DA:27,0
DA:28,0
DA:30,0
DA:36,0
DA:37,0
DA:38,0
DA:39,0
DA:41,0
DA:47,0
DA:48,0
DA:49,0
DA:50,0
DA:52,0
LF:23
LH:2
BRF:0
BRH:0
end_of_record
TN:
SF:src\incidents\incidents.controller.ts
FN:17,(anonymous_4)
FN:20,(anonymous_5)
FN:25,(anonymous_6)
FN:30,(anonymous_7)
FN:35,(anonymous_8)
FN:41,(anonymous_9)
FN:47,(anonymous_10)
FN:60,(anonymous_11)
FN:65,(anonymous_12)
FN:70,(anonymous_13)
FN:75,(anonymous_14)
FNF:11
FNH:6
FNDA:5,(anonymous_4)
FNDA:1,(anonymous_5)
FNDA:0,(anonymous_6)
FNDA:0,(anonymous_7)
FNDA:0,(anonymous_8)
FNDA:0,(anonymous_9)
FNDA:0,(anonymous_10)
FNDA:1,(anonymous_11)
FNDA:1,(anonymous_12)
FNDA:1,(anonymous_13)
FNDA:1,(anonymous_14)
DA:1,1
DA:11,1
DA:12,1
DA:13,1
DA:16,1
DA:17,5
DA:20,1
DA:21,1
DA:25,1
DA:26,0
DA:30,1
DA:31,0
DA:35,1
DA:36,0
DA:37,0
DA:41,1
DA:42,0
DA:43,0
DA:47,1
DA:52,0
DA:60,1
DA:61,1
DA:65,1
DA:66,1
DA:70,1
DA:71,1
DA:75,1
DA:76,1
LF:28
LH:21
BRDA:65,0,0,1
BRDA:65,0,1,0
BRDA:65,1,0,1
BRDA:65,1,1,1
BRDA:70,2,0,1
BRDA:70,2,1,0
BRDA:70,3,0,1
BRDA:70,3,1,1
BRDA:17,4,0,1
BRDA:17,4,1,0
BRDA:17,5,0,1
BRDA:17,5,1,1
BRF:12
BRH:9
end_of_record
TN:
SF:src\incidents\incidents.gateway.ts
FN:35,(anonymous_4)
FN:41,(anonymous_5)
FN:48,(anonymous_6)
FN:52,(anonymous_7)
FN:57,(anonymous_8)
FN:63,(anonymous_9)
FN:89,(anonymous_10)
FN:106,(anonymous_11)
FN:121,(anonymous_12)
FN:125,(anonymous_13)
FN:129,(anonymous_14)
FN:136,(anonymous_15)
FN:141,(anonymous_16)
FN:162,(anonymous_17)
FN:167,(anonymous_18)
FN:184,(anonymous_19)
FN:198,(anonymous_20)
FN:200,(anonymous_21)
FNF:18
FNH:0
FNDA:0,(anonymous_4)
FNDA:0,(anonymous_5)
FNDA:0,(anonymous_6)
FNDA:0,(anonymous_7)
FNDA:0,(anonymous_8)
FNDA:0,(anonymous_9)
FNDA:0,(anonymous_10)
FNDA:0,(anonymous_11)
FNDA:0,(anonymous_12)
FNDA:0,(anonymous_13)
FNDA:0,(anonymous_14)
FNDA:0,(anonymous_15)
FNDA:0,(anonymous_16)
FNDA:0,(anonymous_17)
FNDA:0,(anonymous_18)
FNDA:0,(anonymous_19)
FNDA:0,(anonymous_20)
FNDA:0,(anonymous_21)
DA:1,0
DA:9,0
DA:10,0
DA:11,0
DA:12,0
DA:25,0
DA:29,0
DA:31,0
DA:32,0
DA:33,0
DA:37,0
DA:38,0
DA:42,0
DA:43,0
DA:44,0
DA:49,0
DA:53,0
DA:54,0
DA:57,0
DA:58,0
DA:63,0
DA:64,0
DA:65,0
DA:67,0
DA:70,0
DA:76,0
DA:77,0
DA:79,0
DA:82,0
DA:88,0
DA:89,0
DA:90,0
DA:102,0
DA:106,0
DA:107,0
DA:108,0
DA:110,0
DA:113,0
DA:114,0
DA:122,0
DA:126,0
DA:130,0
DA:137,0
DA:139,0
DA:140,0
DA:141,0
DA:142,0
DA:143,0
DA:144,0
DA:163,0
DA:165,0
DA:166,0
DA:167,0
DA:168,0
DA:169,0
DA:170,0
DA:185,0
DA:187,0
DA:199,0
DA:200,0
DA:201,0
DA:203,0
LF:62
LH:0
BRDA:42,0,0,0
BRDA:42,0,1,0
BRDA:76,1,0,0
BRDA:76,1,1,0
BRDA:92,2,0,0
BRDA:92,2,1,0
BRDA:113,3,0,0
BRDA:113,3,1,0
BRDA:140,4,0,0
BRDA:140,4,1,0
BRDA:140,5,0,0
BRDA:140,5,1,0
BRDA:143,6,0,0
BRDA:143,6,1,0
BRDA:146,7,0,0
BRDA:146,7,1,0
BRDA:166,8,0,0
BRDA:166,8,1,0
BRDA:166,9,0,0
BRDA:166,9,1,0
BRDA:169,10,0,0
BRDA:169,10,1,0
BRDA:172,11,0,0
BRDA:172,11,1,0
BRDA:189,12,0,0
BRDA:189,12,1,0
BRDA:29,13,0,0
BRDA:29,13,1,0
BRDA:29,14,0,0
BRDA:29,14,1,0
BRDA:63,15,0,0
BRDA:63,15,1,0
BRDA:63,16,0,0
BRDA:63,16,1,0
BRDA:106,17,0,0
BRDA:106,17,1,0
BRDA:106,18,0,0
BRDA:106,18,1,0
BRDA:37,19,0,0
BRDA:37,19,1,0
BRDA:37,20,0,0
BRDA:37,20,1,0
BRDA:37,21,0,0
BRDA:37,21,1,0
BRDA:37,22,0,0
BRDA:37,22,1,0
BRF:46
BRH:0
end_of_record
TN:
SF:src\incidents\incidents.module.ts
FNF:0
FNH:0
DA:1,0
DA:2,0
DA:3,0
DA:4,0
DA:5,0
DA:6,0
DA:7,0
DA:18,0
LF:8
LH:0
BRF:0
BRH:0
end_of_record
TN:
SF:src\incidents\incidents.service.ts
FN:57,(anonymous_4)
FN:63,(anonymous_5)
FN:67,(anonymous_6)
FN:75,(anonymous_7)
FN:123,(anonymous_8)
FN:176,(anonymous_9)
FN:184,(anonymous_10)
FN:194,(anonymous_11)
FN:204,(anonymous_12)
FN:213,(anonymous_13)
FN:222,(anonymous_14)
FN:236,(anonymous_15)
FN:582,(anonymous_16)
FN:583,(anonymous_17)
FN:585,(anonymous_18)
FN:594,(anonymous_19)
FN:610,(anonymous_20)
FNF:17
FNH:11
FNDA:19,(anonymous_4)
FNDA:2,(anonymous_5)
FNDA:3,(anonymous_6)
FNDA:4,(anonymous_7)
FNDA:3,(anonymous_8)
FNDA:2,(anonymous_9)
FNDA:1,(anonymous_10)
FNDA:1,(anonymous_11)
FNDA:1,(anonymous_12)
FNDA:1,(anonymous_13)
FNDA:1,(anonymous_14)
FNDA:0,(anonymous_15)
FNDA:0,(anonymous_16)
FNDA:0,(anonymous_17)
FNDA:0,(anonymous_18)
FNDA:0,(anonymous_19)
FNDA:0,(anonymous_20)
DA:1,2
DA:2,2
DA:3,2
DA:6,2
DA:12,2
DA:56,2
DA:59,19
DA:60,19
DA:64,2
DA:68,3
DA:69,3
DA:70,2
DA:72,1
DA:76,4
DA:90,4
DA:91,0
DA:95,4
DA:96,0
DA:100,4
DA:101,0
DA:102,0
DA:105,4
DA:106,0
DA:109,4
DA:110,4
DA:113,4
DA:116,4
DA:117,1
DA:120,4
DA:124,3
DA:127,3
DA:128,0
DA:129,0
DA:131,0
DA:133,0
DA:137,3
DA:138,0
DA:139,0
DA:141,0
DA:143,0
DA:146,3
DA:147,0
DA:149,3
DA:150,0
DA:153,3
DA:156,3
DA:157,1
DA:161,2
DA:163,0
DA:164,2
DA:166,1
DA:167,1
DA:170,1
DA:173,2
DA:177,2
DA:178,2
DA:179,1
DA:181,1
DA:185,1
DA:186,1
DA:188,0
DA:195,1
DA:196,1
DA:198,0
DA:205,1
DA:206,1
DA:208,0
DA:214,1
DA:215,1
DA:217,0
DA:223,1
DA:224,1
DA:227,0
DA:241,0
DA:243,0
DA:244,0
DA:246,0
DA:247,0
DA:249,0
DA:250,0
DA:253,0
DA:300,0
DA:301,0
DA:303,0
DA:317,0
DA:582,0
DA:583,0
DA:585,0
DA:594,0
DA:602,0
DA:610,0
LF:91
LH:52
BRDA:69,0,0,2
BRDA:69,0,1,1
BRDA:78,1,0,4
BRDA:78,1,1,3
BRDA:80,2,0,4
BRDA:80,2,1,4
BRDA:86,3,0,4
BRDA:86,3,1,3
BRDA:90,4,0,0
BRDA:90,4,1,4
BRDA:90,5,0,4
BRDA:90,5,1,0
BRDA:95,6,0,0
BRDA:95,6,1,4
BRDA:95,7,0,4
BRDA:95,7,1,0
BRDA:100,8,0,0
BRDA:100,8,1,4
BRDA:100,9,0,4
BRDA:100,9,1,0
BRDA:105,10,0,0
BRDA:105,10,1,4
BRDA:105,11,0,4
BRDA:105,11,1,0
BRDA:116,12,0,1
BRDA:116,12,1,3
BRDA:127,13,0,0
BRDA:127,13,1,3
BRDA:128,14,0,0
BRDA:128,14,1,0
BRDA:128,15,0,0
BRDA:128,15,1,0
BRDA:137,16,0,0
BRDA:137,16,1,3
BRDA:138,17,0,0
BRDA:138,17,1,0
BRDA:138,18,0,0
BRDA:138,18,1,0
BRDA:146,19,0,0
BRDA:146,19,1,3
BRDA:146,20,0,3
BRDA:146,20,1,0
BRDA:149,21,0,0
BRDA:149,21,1,3
BRDA:149,22,0,3
BRDA:149,22,1,0
BRDA:156,23,0,1
BRDA:156,23,1,2
BRDA:161,24,0,0
BRDA:161,24,1,2
BRDA:164,25,0,1
BRDA:164,25,1,1
BRDA:164,26,0,2
BRDA:164,26,1,1
BRDA:166,27,0,1
BRDA:166,27,1,0
BRDA:178,28,0,1
BRDA:178,28,1,1
BRDA:185,29,0,1
BRDA:185,29,1,0
BRDA:195,30,0,1
BRDA:195,30,1,0
BRDA:205,31,0,1
BRDA:205,31,1,0
BRDA:214,32,0,1
BRDA:214,32,1,0
BRDA:223,33,0,1
BRDA:223,33,1,0
BRDA:243,34,0,0
BRDA:243,34,1,0
BRDA:246,35,0,0
BRDA:246,35,1,0
BRDA:246,36,0,0
BRDA:246,36,1,0
BRDA:249,37,0,0
BRDA:249,37,1,0
BRDA:249,38,0,0
BRDA:249,38,1,0
BRDA:300,39,0,0
BRDA:300,39,1,0
BRDA:301,40,0,0
BRDA:301,40,1,0
BRDA:301,41,0,0
BRDA:301,41,1,0
BRDA:305,42,0,0
BRDA:305,42,1,0
BRDA:306,43,0,0
BRDA:306,43,1,0
BRDA:307,44,0,0
BRDA:307,44,1,0
BRDA:308,45,0,0
BRDA:308,45,1,0
BRDA:309,46,0,0
BRDA:309,46,1,0
BRDA:310,47,0,0
BRDA:310,47,1,0
BRDA:311,48,0,0
BRDA:311,48,1,0
BRDA:312,49,0,0
BRDA:312,49,1,0
BRDA:313,50,0,0
BRDA:313,50,1,0
BRDA:583,51,0,0
BRDA:583,51,1,0
BRDA:595,52,0,0
BRDA:595,52,1,0
BRDA:596,53,0,0
BRDA:596,53,1,0
BRDA:597,54,0,0
BRDA:597,54,1,0
BRDA:598,55,0,0
BRDA:598,55,1,0
BRDA:599,56,0,0
BRDA:599,56,1,0
BRDA:612,57,0,0
BRDA:612,57,1,0
BRDA:613,58,0,0
BRDA:613,58,1,0
BRDA:614,59,0,0
BRDA:614,59,1,0
BRDA:59,60,0,2
BRDA:59,60,1,0
BRDA:59,61,0,2
BRDA:59,61,1,2
BRDA:59,62,0,2
BRDA:59,62,1,0
BRDA:59,63,0,2
BRDA:59,63,1,2
BRF:128
BRH:45
end_of_record
TN:
SF:src\incidents\dto\create-incident.dto.ts
FNF:0
FNH:0
DA:1,1
DA:2,1
DA:8,1
DA:10,1
DA:14,1
DA:18,1
DA:22,1
DA:26,1
DA:30,1
DA:34,1
DA:38,1
DA:42,1
DA:46,1
DA:50,1
DA:54,1
DA:59,1
DA:63,1
DA:67,1
DA:71,1
DA:75,1
LF:20
LH:20
BRDA:10,0,0,0
BRDA:10,0,1,1
BRDA:10,1,0,1
BRDA:10,1,1,1
BRDA:14,2,0,0
BRDA:14,2,1,1
BRDA:14,3,0,1
BRDA:14,3,1,1
BRDA:75,4,0,0
BRDA:75,4,1,1
BRDA:75,5,0,1
BRDA:75,5,1,1
BRF:12
BRH:9
end_of_record
TN:
SF:src\incidents\dto\update-incident.dto.ts
FNF:0
FNH:0
DA:1,1
DA:2,1
DA:8,1
DA:11,1
DA:15,1
DA:19,1
DA:23,1
DA:27,1
DA:31,1
DA:35,1
DA:39,1
DA:43,1
DA:47,1
DA:51,1
DA:55,1
DA:60,1
LF:16
LH:16
BRDA:11,0,0,0
BRDA:11,0,1,1
BRDA:11,1,0,1
BRDA:11,1,1,1
BRDA:15,2,0,0
BRDA:15,2,1,1
BRDA:15,3,0,1
BRDA:15,3,1,1
BRDA:47,4,0,0
BRDA:47,4,1,1
BRDA:47,5,0,1
BRDA:47,5,1,1
BRF:12
BRH:9
end_of_record
TN:
SF:src\incidents\entities\incident.entity.ts
FN:7,(anonymous_2)
FN:14,(anonymous_3)
FN:21,(anonymous_4)
FN:77,(anonymous_5)
FNF:4
FNH:3
FNDA:2,(anonymous_2)
FNDA:2,(anonymous_3)
FNDA:2,(anonymous_4)
FNDA:0,(anonymous_5)
DA:1,2
DA:2,2
DA:7,2
DA:8,2
DA:9,2
DA:10,2
DA:11,2
DA:14,2
DA:15,2
DA:16,2
DA:17,2
DA:18,2
DA:21,2
DA:22,2
DA:23,2
DA:24,2
DA:25,2
DA:29,2
DA:31,2
DA:34,2
DA:37,2
DA:40,2
DA:43,2
DA:46,2
DA:49,2
DA:52,2
DA:55,2
DA:58,2
DA:61,2
DA:64,2
DA:67,2
DA:70,2
DA:73,2
DA:75,2
DA:78,0
DA:79,0
DA:80,0
DA:82,0
DA:83,0
DA:84,0
DA:85,0
DA:88,0
DA:89,0
DA:90,0
DA:92,0
DA:93,0
DA:94,0
DA:97,0
DA:98,0
DA:102,0
DA:103,0
DA:104,0
DA:105,0
DA:106,0
DA:107,0
DA:111,0
DA:112,0
LF:57
LH:34
BRDA:7,0,0,2
BRDA:7,0,1,2
BRDA:14,1,0,2
BRDA:14,1,1,2
BRDA:21,2,0,2
BRDA:21,2,1,2
BRDA:55,3,0,2
BRDA:55,3,1,0
BRDA:55,4,0,2
BRDA:55,4,1,2
BRDA:58,5,0,2
BRDA:58,5,1,0
BRDA:58,6,0,2
BRDA:58,6,1,2
BRDA:61,7,0,2
BRDA:61,7,1,0
BRDA:61,8,0,2
BRDA:61,8,1,2
BRDA:64,9,0,2
BRDA:64,9,1,0
BRDA:64,10,0,2
BRDA:64,10,1,2
BRDA:78,11,0,0
BRDA:78,11,1,0
BRDA:80,12,0,0
BRDA:80,12,1,0
BRDA:82,13,0,0
BRDA:82,13,1,0
BRDA:82,13,2,0
BRDA:83,14,0,0
BRDA:83,14,1,0
BRDA:84,15,0,0
BRDA:84,15,1,0
BRDA:85,16,0,0
BRDA:85,16,1,0
BRDA:92,17,0,0
BRDA:92,17,1,0
BRDA:97,18,0,0
BRDA:97,18,1,0
BRDA:102,19,0,0
BRDA:102,19,1,0
BRDA:103,20,0,0
BRDA:103,20,1,0
BRDA:103,21,0,0
BRDA:103,21,1,0
BRDA:106,22,0,0
BRDA:106,22,1,0
BRF:47
BRH:18
end_of_record
